\BOOKMARK [0][-]{chapter.1}{Chapter 1: The First}{}% 1
\BOOKMARK [1][-]{section.1.1}{Background: Graphs, D-separation, Causality}{chapter.1}% 2
\BOOKMARK [2][-]{subsection.1.1.1}{Directed Acylic Graphs}{section.1.1}% 3
\BOOKMARK [2][-]{subsection.1.1.2}{Bayesian Networks}{section.1.1}% 4
\BOOKMARK [2][-]{subsection.1.1.3}{D-Separation}{section.1.1}% 5
\BOOKMARK [2][-]{subsection.1.1.4}{Structural Causal Models}{section.1.1}% 6
\BOOKMARK [0][-]{chapter.2}{Chapter 2: Bareinboim et al 2014}{}% 7
\BOOKMARK [1][-]{section.2.1}{Introduction}{chapter.2}% 8
\BOOKMARK [1][-]{section.2.2}{Representing Selection with DAGs}{chapter.2}% 9
\BOOKMARK [1][-]{section.2.3}{A Famous Case of Selection Bias}{chapter.2}% 10
\BOOKMARK [1][-]{section.2.4}{Recovering P\(y|x\) Without External Data}{chapter.2}% 11
\BOOKMARK [1][-]{section.2.5}{Recovery With External Data}{chapter.2}% 12
\BOOKMARK [1][-]{section.2.6}{A Useful Extension}{chapter.2}% 13
\BOOKMARK [0][-]{chapter.3}{Chapter 3: Graphical Approaches to Missing Data}{}% 14
\BOOKMARK [1][-]{section.3.1}{Rubin's Taxonomy of Missing Data}{chapter.3}% 15
\BOOKMARK [1][-]{section.3.2}{Graphical Innovations}{chapter.3}% 16
\BOOKMARK [1][-]{section.3.3}{Recovering Distributions Under MNAR}{chapter.3}% 17
\BOOKMARK [0][-]{chapter.4}{Chapter 4: Earlier Approaches to Selection Bias and the Missing Data Problem}{}% 18
\BOOKMARK [1][-]{section.4.1}{Case Analysis}{chapter.4}% 19
\BOOKMARK [2][-]{subsection.4.1.1}{Complete-case Analysis}{section.4.1}% 20
\BOOKMARK [2][-]{subsection.4.1.2}{Available-case Analysis}{section.4.1}% 21
\BOOKMARK [1][-]{section.4.2}{Imputation based Techniques}{chapter.4}% 22
\BOOKMARK [2][-]{subsection.4.2.1}{Single Imputation}{section.4.2}% 23
\BOOKMARK [2][-]{subsection.4.2.2}{Multiple Imputation}{section.4.2}% 24
\BOOKMARK [1][-]{section.4.3}{The Heckman Correction}{chapter.4}% 25
\BOOKMARK [2][-]{subsection.4.3.1}{Premise}{section.4.3}% 26
\BOOKMARK [2][-]{subsection.4.3.2}{Implementing the Correction}{section.4.3}% 27
\BOOKMARK [2][-]{subsection.4.3.3}{Graphing Heckman}{section.4.3}% 28
\BOOKMARK [2][-]{subsection.4.3.4}{Examples}{section.4.3}% 29
\BOOKMARK [1][-]{section.4.4}{Probability and Propensity Weighting}{chapter.4}% 30
\BOOKMARK [2][-]{subsection.4.4.1}{Propensity Scores}{section.4.4}% 31
\BOOKMARK [2][-]{subsection.4.4.2}{Inverse Probability Weighting for Distributions}{section.4.4}% 32
\BOOKMARK [2][-]{subsection.4.4.3}{}{section.4.4}% 33
\BOOKMARK [1][-]{section.4.5}{Getting Graphical}{chapter.4}% 34
\BOOKMARK [2][-]{subsection.4.5.1}{Hern\341n et. al}{section.4.5}% 35
\BOOKMARK [2][-]{subsection.4.5.2}{Geneletti et. al}{section.4.5}% 36
\BOOKMARK [1][-]{section.4.6}{Set-up}{chapter.4}% 37
\BOOKMARK [0][-]{chapter.5}{Chapter 5: Simultaneous Selection Bias and Missing Data}{}% 38
\BOOKMARK [1][-]{section.5.1}{Basics}{chapter.5}% 39
\BOOKMARK [1][-]{section.5.2}{Easy Facts}{chapter.5}% 40
\BOOKMARK [1][-]{section.5.3}{External Data Recovery}{chapter.5}% 41
\BOOKMARK [0][-]{chapter*.10}{Bibliography}{}% 42
\BOOKMARK [0][-]{appendix*.11}{Appendix}{}% 43
\BOOKMARK [1][-]{section.Alph0.1}{Heckman}{appendix*.11}% 44
\BOOKMARK [2][-]{subsection.Alph0.1.1}{Conditional Expectation of Bivariate Normal Distribution}{section.Alph0.1}% 45
\BOOKMARK [2][-]{subsection.Alph0.1.2}{Truncated Normal and the Inverse Mills Ratio}{section.Alph0.1}% 46
